2024-11-15 10:53:24,098 [INFO] advanced_analyzer.py:358 - === 开始Airbnb数据收集程序 ===
2024-11-15 10:53:24,273 [INFO] advanced_analyzer.py:99 - 成功读取 6 个房间ID
2024-11-15 10:53:24,273 [INFO] advanced_analyzer.py:369 - 生成 6 个URL
2024-11-15 10:53:24,274 [INFO] advanced_analyzer.py:373 - 创建数据目录: data/airbnb_data_20241115_105324
2024-11-15 10:53:24,274 [INFO] advanced_analyzer.py:239 - === 开始批量分析房源 ===
2024-11-15 10:53:24,274 [INFO] advanced_analyzer.py:248 - 设置并发线程数: 1
2024-11-15 10:53:24,275 [INFO] advanced_analyzer.py:168 - 开始初始化BitBrowser...
2024-11-15 10:53:24,279 [ERROR] bit_browser_manager.py:270 - 清理浏览器时发生错误: Expecting value: line 1 column 1 (char 0)
2024-11-15 10:53:24,296 [ERROR] bit_browser_manager.py:271 - 错误详情: Traceback (most recent call last):
  File "C:\Users\jiann\AppData\Local\Programs\Python\Python313\Lib\site-packages\requests\models.py", line 974, in json
    return complexjson.loads(self.text, **kwargs)
           ~~~~~~~~~~~~~~~~~^^^^^^^^^^^^^^^^^^^^^
  File "C:\Users\jiann\AppData\Local\Programs\Python\Python313\Lib\json\__init__.py", line 346, in loads
    return _default_decoder.decode(s)
           ~~~~~~~~~~~~~~~~~~~~~~~^^^
  File "C:\Users\jiann\AppData\Local\Programs\Python\Python313\Lib\json\decoder.py", line 344, in decode
    obj, end = self.raw_decode(s, idx=_w(s, 0).end())
               ~~~~~~~~~~~~~~~^^^^^^^^^^^^^^^^^^^^^^^
  File "C:\Users\jiann\AppData\Local\Programs\Python\Python313\Lib\json\decoder.py", line 362, in raw_decode
    raise JSONDecodeError("Expecting value", s, err.value) from None
json.decoder.JSONDecodeError: Expecting value: line 1 column 1 (char 0)

During handling of the above exception, another exception occurred:

Traceback (most recent call last):
  File "C:\GitWork\Airbnb data Analyst\bit_browser_manager.py", line 253, in cleanup_browsers
    response_json = response.json()
  File "C:\Users\jiann\AppData\Local\Programs\Python\Python313\Lib\site-packages\requests\models.py", line 978, in json
    raise RequestsJSONDecodeError(e.msg, e.doc, e.pos)
requests.exceptions.JSONDecodeError: Expecting value: line 1 column 1 (char 0)

2024-11-15 10:53:26,296 [INFO] bit_browser_manager.py:58 - 正在创建浏览器配置，请求数据: {
  "name": "airbnb_browser_1731621206",
  "remark": "Airbnb\u6570\u636e\u91c7\u96c6",
  "proxyMethod": 2,
  "proxyType": "http",
  "host": "38.kookeey.info",
  "port": "7426",
  "proxyUserName": "23ba352f",
  "proxyUserPwd": "74024a8b",
  "isGlobalProxyInfo": true,
  "browserFingerPrint": {
    "coreVersion": "130"
  },
  "credentialsEnableService": true,
  "proxyAgreementType": "http",
  "syncTabs": true,
  "syncCookies": true,
  "abortImage": false,
  "abortMedia": false,
  "clearCacheFilesBeforeLaunch": true,
  "clearCookiesBeforeLaunch": true,
  "ipCheckService": "ip-api",
  "proxyAuthenticationHeader": {
    "Proxy-Authorization": "Basic MjNiYTM1MmY6NzQwMjRhOGI="
  }
}
2024-11-15 10:53:27,738 [INFO] bit_browser_manager.py:66 - API响应状态码: 200
2024-11-15 10:53:27,738 [INFO] bit_browser_manager.py:67 - API响应头: {'Access-Control-Allow-Origin': '*', 'Access-Control-Allow-Methods': '*', 'Access-Control-Allow-Headers': '*', 'Content-Type': 'application/json; charset=utf-8', 'Content-Length': '85', 'Date': 'Thu, 14 Nov 2024 21:53:27 GMT', 'Connection': 'keep-alive', 'Keep-Alive': 'timeout=5'}
2024-11-15 10:53:27,738 [INFO] bit_browser_manager.py:70 - API响应内容: {
  "success": false,
  "msg": "Available browser has been exceeded, please purchase online"
}
2024-11-15 10:53:27,738 [ERROR] bit_browser_manager.py:79 - 创建浏览器配置失败: Available browser has been exceeded, please purchase online
2024-11-15 10:53:27,738 [ERROR] advanced_analyzer.py:176 - 创建BitBrowser实例失败
2024-11-15 10:53:27,738 [ERROR] advanced_analyzer.py:259 - 无法为URL https://www.airbnb.co.nz/rooms/837352260137971048 初始化BitBrowser
2024-11-15 10:53:27,738 [INFO] advanced_analyzer.py:168 - 开始初始化BitBrowser...
2024-11-15 10:53:27,742 [ERROR] bit_browser_manager.py:270 - 清理浏览器时发生错误: Expecting value: line 1 column 1 (char 0)
2024-11-15 10:53:27,743 [ERROR] bit_browser_manager.py:271 - 错误详情: Traceback (most recent call last):
  File "C:\Users\jiann\AppData\Local\Programs\Python\Python313\Lib\site-packages\requests\models.py", line 974, in json
    return complexjson.loads(self.text, **kwargs)
           ~~~~~~~~~~~~~~~~~^^^^^^^^^^^^^^^^^^^^^
  File "C:\Users\jiann\AppData\Local\Programs\Python\Python313\Lib\json\__init__.py", line 346, in loads
    return _default_decoder.decode(s)
           ~~~~~~~~~~~~~~~~~~~~~~~^^^
  File "C:\Users\jiann\AppData\Local\Programs\Python\Python313\Lib\json\decoder.py", line 344, in decode
    obj, end = self.raw_decode(s, idx=_w(s, 0).end())
               ~~~~~~~~~~~~~~~^^^^^^^^^^^^^^^^^^^^^^^
  File "C:\Users\jiann\AppData\Local\Programs\Python\Python313\Lib\json\decoder.py", line 362, in raw_decode
    raise JSONDecodeError("Expecting value", s, err.value) from None
json.decoder.JSONDecodeError: Expecting value: line 1 column 1 (char 0)

During handling of the above exception, another exception occurred:

Traceback (most recent call last):
  File "C:\GitWork\Airbnb data Analyst\bit_browser_manager.py", line 253, in cleanup_browsers
    response_json = response.json()
  File "C:\Users\jiann\AppData\Local\Programs\Python\Python313\Lib\site-packages\requests\models.py", line 978, in json
    raise RequestsJSONDecodeError(e.msg, e.doc, e.pos)
requests.exceptions.JSONDecodeError: Expecting value: line 1 column 1 (char 0)

2024-11-15 10:53:29,743 [INFO] bit_browser_manager.py:58 - 正在创建浏览器配置，请求数据: {
  "name": "airbnb_browser_1731621209",
  "remark": "Airbnb\u6570\u636e\u91c7\u96c6",
  "proxyMethod": 2,
  "proxyType": "http",
  "host": "38.kookeey.info",
  "port": "7426",
  "proxyUserName": "23ba352f",
  "proxyUserPwd": "74024a8b",
  "isGlobalProxyInfo": true,
  "browserFingerPrint": {
    "coreVersion": "130"
  },
  "credentialsEnableService": true,
  "proxyAgreementType": "http",
  "syncTabs": true,
  "syncCookies": true,
  "abortImage": false,
  "abortMedia": false,
  "clearCacheFilesBeforeLaunch": true,
  "clearCookiesBeforeLaunch": true,
  "ipCheckService": "ip-api",
  "proxyAuthenticationHeader": {
    "Proxy-Authorization": "Basic MjNiYTM1MmY6NzQwMjRhOGI="
  }
}
2024-11-15 10:53:30,602 [INFO] bit_browser_manager.py:66 - API响应状态码: 200
2024-11-15 10:53:30,602 [INFO] bit_browser_manager.py:67 - API响应头: {'Access-Control-Allow-Origin': '*', 'Access-Control-Allow-Methods': '*', 'Access-Control-Allow-Headers': '*', 'Content-Type': 'application/json; charset=utf-8', 'Content-Length': '85', 'Date': 'Thu, 14 Nov 2024 21:53:30 GMT', 'Connection': 'keep-alive', 'Keep-Alive': 'timeout=5'}
2024-11-15 10:53:30,602 [INFO] bit_browser_manager.py:70 - API响应内容: {
  "success": false,
  "msg": "Available browser has been exceeded, please purchase online"
}
2024-11-15 10:53:30,602 [ERROR] bit_browser_manager.py:79 - 创建浏览器配置失败: Available browser has been exceeded, please purchase online
2024-11-15 10:53:30,603 [ERROR] advanced_analyzer.py:176 - 创建BitBrowser实例失败
2024-11-15 10:53:30,603 [ERROR] advanced_analyzer.py:259 - 无法为URL https://www.airbnb.co.nz/rooms/43435162 初始化BitBrowser
2024-11-15 10:53:30,603 [INFO] advanced_analyzer.py:168 - 开始初始化BitBrowser...
2024-11-15 10:53:30,606 [ERROR] bit_browser_manager.py:270 - 清理浏览器时发生错误: Expecting value: line 1 column 1 (char 0)
2024-11-15 10:53:30,607 [ERROR] bit_browser_manager.py:271 - 错误详情: Traceback (most recent call last):
  File "C:\Users\jiann\AppData\Local\Programs\Python\Python313\Lib\site-packages\requests\models.py", line 974, in json
    return complexjson.loads(self.text, **kwargs)
           ~~~~~~~~~~~~~~~~~^^^^^^^^^^^^^^^^^^^^^
  File "C:\Users\jiann\AppData\Local\Programs\Python\Python313\Lib\json\__init__.py", line 346, in loads
    return _default_decoder.decode(s)
           ~~~~~~~~~~~~~~~~~~~~~~~^^^
  File "C:\Users\jiann\AppData\Local\Programs\Python\Python313\Lib\json\decoder.py", line 344, in decode
    obj, end = self.raw_decode(s, idx=_w(s, 0).end())
               ~~~~~~~~~~~~~~~^^^^^^^^^^^^^^^^^^^^^^^
  File "C:\Users\jiann\AppData\Local\Programs\Python\Python313\Lib\json\decoder.py", line 362, in raw_decode
    raise JSONDecodeError("Expecting value", s, err.value) from None
json.decoder.JSONDecodeError: Expecting value: line 1 column 1 (char 0)

During handling of the above exception, another exception occurred:

Traceback (most recent call last):
  File "C:\GitWork\Airbnb data Analyst\bit_browser_manager.py", line 253, in cleanup_browsers
    response_json = response.json()
  File "C:\Users\jiann\AppData\Local\Programs\Python\Python313\Lib\site-packages\requests\models.py", line 978, in json
    raise RequestsJSONDecodeError(e.msg, e.doc, e.pos)
requests.exceptions.JSONDecodeError: Expecting value: line 1 column 1 (char 0)

2024-11-15 10:53:32,607 [INFO] bit_browser_manager.py:58 - 正在创建浏览器配置，请求数据: {
  "name": "airbnb_browser_1731621212",
  "remark": "Airbnb\u6570\u636e\u91c7\u96c6",
  "proxyMethod": 2,
  "proxyType": "http",
  "host": "38.kookeey.info",
  "port": "7426",
  "proxyUserName": "23ba352f",
  "proxyUserPwd": "74024a8b",
  "isGlobalProxyInfo": true,
  "browserFingerPrint": {
    "coreVersion": "130"
  },
  "credentialsEnableService": true,
  "proxyAgreementType": "http",
  "syncTabs": true,
  "syncCookies": true,
  "abortImage": false,
  "abortMedia": false,
  "clearCacheFilesBeforeLaunch": true,
  "clearCookiesBeforeLaunch": true,
  "ipCheckService": "ip-api",
  "proxyAuthenticationHeader": {
    "Proxy-Authorization": "Basic MjNiYTM1MmY6NzQwMjRhOGI="
  }
}
2024-11-15 10:53:33,473 [INFO] bit_browser_manager.py:66 - API响应状态码: 200
2024-11-15 10:53:33,473 [INFO] bit_browser_manager.py:67 - API响应头: {'Access-Control-Allow-Origin': '*', 'Access-Control-Allow-Methods': '*', 'Access-Control-Allow-Headers': '*', 'Content-Type': 'application/json; charset=utf-8', 'Content-Length': '85', 'Date': 'Thu, 14 Nov 2024 21:53:33 GMT', 'Connection': 'keep-alive', 'Keep-Alive': 'timeout=5'}
2024-11-15 10:53:33,473 [INFO] bit_browser_manager.py:70 - API响应内容: {
  "success": false,
  "msg": "Available browser has been exceeded, please purchase online"
}
2024-11-15 10:53:33,473 [ERROR] bit_browser_manager.py:79 - 创建浏览器配置失败: Available browser has been exceeded, please purchase online
2024-11-15 10:53:33,473 [ERROR] advanced_analyzer.py:176 - 创建BitBrowser实例失败
2024-11-15 10:53:33,473 [ERROR] advanced_analyzer.py:259 - 无法为URL https://www.airbnb.co.nz/rooms/830193102361409290 初始化BitBrowser
2024-11-15 10:53:33,473 [INFO] advanced_analyzer.py:168 - 开始初始化BitBrowser...
2024-11-15 10:53:33,476 [ERROR] bit_browser_manager.py:270 - 清理浏览器时发生错误: Expecting value: line 1 column 1 (char 0)
2024-11-15 10:53:33,477 [ERROR] bit_browser_manager.py:271 - 错误详情: Traceback (most recent call last):
  File "C:\Users\jiann\AppData\Local\Programs\Python\Python313\Lib\site-packages\requests\models.py", line 974, in json
    return complexjson.loads(self.text, **kwargs)
           ~~~~~~~~~~~~~~~~~^^^^^^^^^^^^^^^^^^^^^
  File "C:\Users\jiann\AppData\Local\Programs\Python\Python313\Lib\json\__init__.py", line 346, in loads
    return _default_decoder.decode(s)
           ~~~~~~~~~~~~~~~~~~~~~~~^^^
  File "C:\Users\jiann\AppData\Local\Programs\Python\Python313\Lib\json\decoder.py", line 344, in decode
    obj, end = self.raw_decode(s, idx=_w(s, 0).end())
               ~~~~~~~~~~~~~~~^^^^^^^^^^^^^^^^^^^^^^^
  File "C:\Users\jiann\AppData\Local\Programs\Python\Python313\Lib\json\decoder.py", line 362, in raw_decode
    raise JSONDecodeError("Expecting value", s, err.value) from None
json.decoder.JSONDecodeError: Expecting value: line 1 column 1 (char 0)

During handling of the above exception, another exception occurred:

Traceback (most recent call last):
  File "C:\GitWork\Airbnb data Analyst\bit_browser_manager.py", line 253, in cleanup_browsers
    response_json = response.json()
  File "C:\Users\jiann\AppData\Local\Programs\Python\Python313\Lib\site-packages\requests\models.py", line 978, in json
    raise RequestsJSONDecodeError(e.msg, e.doc, e.pos)
requests.exceptions.JSONDecodeError: Expecting value: line 1 column 1 (char 0)

2024-11-15 10:53:35,477 [INFO] bit_browser_manager.py:58 - 正在创建浏览器配置，请求数据: {
  "name": "airbnb_browser_1731621215",
  "remark": "Airbnb\u6570\u636e\u91c7\u96c6",
  "proxyMethod": 2,
  "proxyType": "http",
  "host": "38.kookeey.info",
  "port": "7426",
  "proxyUserName": "23ba352f",
  "proxyUserPwd": "74024a8b",
  "isGlobalProxyInfo": true,
  "browserFingerPrint": {
    "coreVersion": "130"
  },
  "credentialsEnableService": true,
  "proxyAgreementType": "http",
  "syncTabs": true,
  "syncCookies": true,
  "abortImage": false,
  "abortMedia": false,
  "clearCacheFilesBeforeLaunch": true,
  "clearCookiesBeforeLaunch": true,
  "ipCheckService": "ip-api",
  "proxyAuthenticationHeader": {
    "Proxy-Authorization": "Basic MjNiYTM1MmY6NzQwMjRhOGI="
  }
}
2024-11-15 10:53:36,359 [INFO] bit_browser_manager.py:66 - API响应状态码: 200
2024-11-15 10:53:36,360 [INFO] bit_browser_manager.py:67 - API响应头: {'Access-Control-Allow-Origin': '*', 'Access-Control-Allow-Methods': '*', 'Access-Control-Allow-Headers': '*', 'Content-Type': 'application/json; charset=utf-8', 'Content-Length': '85', 'Date': 'Thu, 14 Nov 2024 21:53:36 GMT', 'Connection': 'keep-alive', 'Keep-Alive': 'timeout=5'}
2024-11-15 10:53:36,360 [INFO] bit_browser_manager.py:70 - API响应内容: {
  "success": false,
  "msg": "Available browser has been exceeded, please purchase online"
}
2024-11-15 10:53:36,360 [ERROR] bit_browser_manager.py:79 - 创建浏览器配置失败: Available browser has been exceeded, please purchase online
2024-11-15 10:53:36,360 [ERROR] advanced_analyzer.py:176 - 创建BitBrowser实例失败
2024-11-15 10:53:36,360 [ERROR] advanced_analyzer.py:259 - 无法为URL https://www.airbnb.co.nz/rooms/49525472 初始化BitBrowser
2024-11-15 10:53:36,360 [INFO] advanced_analyzer.py:168 - 开始初始化BitBrowser...
2024-11-15 10:53:36,362 [ERROR] bit_browser_manager.py:270 - 清理浏览器时发生错误: Expecting value: line 1 column 1 (char 0)
2024-11-15 10:53:36,364 [ERROR] bit_browser_manager.py:271 - 错误详情: Traceback (most recent call last):
  File "C:\Users\jiann\AppData\Local\Programs\Python\Python313\Lib\site-packages\requests\models.py", line 974, in json
    return complexjson.loads(self.text, **kwargs)
           ~~~~~~~~~~~~~~~~~^^^^^^^^^^^^^^^^^^^^^
  File "C:\Users\jiann\AppData\Local\Programs\Python\Python313\Lib\json\__init__.py", line 346, in loads
    return _default_decoder.decode(s)
           ~~~~~~~~~~~~~~~~~~~~~~~^^^
  File "C:\Users\jiann\AppData\Local\Programs\Python\Python313\Lib\json\decoder.py", line 344, in decode
    obj, end = self.raw_decode(s, idx=_w(s, 0).end())
               ~~~~~~~~~~~~~~~^^^^^^^^^^^^^^^^^^^^^^^
  File "C:\Users\jiann\AppData\Local\Programs\Python\Python313\Lib\json\decoder.py", line 362, in raw_decode
    raise JSONDecodeError("Expecting value", s, err.value) from None
json.decoder.JSONDecodeError: Expecting value: line 1 column 1 (char 0)

During handling of the above exception, another exception occurred:

Traceback (most recent call last):
  File "C:\GitWork\Airbnb data Analyst\bit_browser_manager.py", line 253, in cleanup_browsers
    response_json = response.json()
  File "C:\Users\jiann\AppData\Local\Programs\Python\Python313\Lib\site-packages\requests\models.py", line 978, in json
    raise RequestsJSONDecodeError(e.msg, e.doc, e.pos)
requests.exceptions.JSONDecodeError: Expecting value: line 1 column 1 (char 0)

2024-11-15 10:53:38,364 [INFO] bit_browser_manager.py:58 - 正在创建浏览器配置，请求数据: {
  "name": "airbnb_browser_1731621218",
  "remark": "Airbnb\u6570\u636e\u91c7\u96c6",
  "proxyMethod": 2,
  "proxyType": "http",
  "host": "38.kookeey.info",
  "port": "7426",
  "proxyUserName": "23ba352f",
  "proxyUserPwd": "74024a8b",
  "isGlobalProxyInfo": true,
  "browserFingerPrint": {
    "coreVersion": "130"
  },
  "credentialsEnableService": true,
  "proxyAgreementType": "http",
  "syncTabs": true,
  "syncCookies": true,
  "abortImage": false,
  "abortMedia": false,
  "clearCacheFilesBeforeLaunch": true,
  "clearCookiesBeforeLaunch": true,
  "ipCheckService": "ip-api",
  "proxyAuthenticationHeader": {
    "Proxy-Authorization": "Basic MjNiYTM1MmY6NzQwMjRhOGI="
  }
}
2024-11-15 10:53:39,223 [INFO] bit_browser_manager.py:66 - API响应状态码: 200
2024-11-15 10:53:39,223 [INFO] bit_browser_manager.py:67 - API响应头: {'Access-Control-Allow-Origin': '*', 'Access-Control-Allow-Methods': '*', 'Access-Control-Allow-Headers': '*', 'Content-Type': 'application/json; charset=utf-8', 'Content-Length': '85', 'Date': 'Thu, 14 Nov 2024 21:53:39 GMT', 'Connection': 'keep-alive', 'Keep-Alive': 'timeout=5'}
2024-11-15 10:53:39,223 [INFO] bit_browser_manager.py:70 - API响应内容: {
  "success": false,
  "msg": "Available browser has been exceeded, please purchase online"
}
2024-11-15 10:53:39,223 [ERROR] bit_browser_manager.py:79 - 创建浏览器配置失败: Available browser has been exceeded, please purchase online
2024-11-15 10:53:39,224 [ERROR] advanced_analyzer.py:176 - 创建BitBrowser实例失败
2024-11-15 10:53:39,224 [ERROR] advanced_analyzer.py:259 - 无法为URL https://www.airbnb.co.nz/rooms/716883705085875481 初始化BitBrowser
2024-11-15 10:53:39,224 [INFO] advanced_analyzer.py:168 - 开始初始化BitBrowser...
2024-11-15 10:53:39,226 [ERROR] bit_browser_manager.py:270 - 清理浏览器时发生错误: Expecting value: line 1 column 1 (char 0)
2024-11-15 10:53:39,227 [ERROR] bit_browser_manager.py:271 - 错误详情: Traceback (most recent call last):
  File "C:\Users\jiann\AppData\Local\Programs\Python\Python313\Lib\site-packages\requests\models.py", line 974, in json
    return complexjson.loads(self.text, **kwargs)
           ~~~~~~~~~~~~~~~~~^^^^^^^^^^^^^^^^^^^^^
  File "C:\Users\jiann\AppData\Local\Programs\Python\Python313\Lib\json\__init__.py", line 346, in loads
    return _default_decoder.decode(s)
           ~~~~~~~~~~~~~~~~~~~~~~~^^^
  File "C:\Users\jiann\AppData\Local\Programs\Python\Python313\Lib\json\decoder.py", line 344, in decode
    obj, end = self.raw_decode(s, idx=_w(s, 0).end())
               ~~~~~~~~~~~~~~~^^^^^^^^^^^^^^^^^^^^^^^
  File "C:\Users\jiann\AppData\Local\Programs\Python\Python313\Lib\json\decoder.py", line 362, in raw_decode
    raise JSONDecodeError("Expecting value", s, err.value) from None
json.decoder.JSONDecodeError: Expecting value: line 1 column 1 (char 0)

During handling of the above exception, another exception occurred:

Traceback (most recent call last):
  File "C:\GitWork\Airbnb data Analyst\bit_browser_manager.py", line 253, in cleanup_browsers
    response_json = response.json()
  File "C:\Users\jiann\AppData\Local\Programs\Python\Python313\Lib\site-packages\requests\models.py", line 978, in json
    raise RequestsJSONDecodeError(e.msg, e.doc, e.pos)
requests.exceptions.JSONDecodeError: Expecting value: line 1 column 1 (char 0)

2024-11-15 10:53:41,227 [INFO] bit_browser_manager.py:58 - 正在创建浏览器配置，请求数据: {
  "name": "airbnb_browser_1731621221",
  "remark": "Airbnb\u6570\u636e\u91c7\u96c6",
  "proxyMethod": 2,
  "proxyType": "http",
  "host": "38.kookeey.info",
  "port": "7426",
  "proxyUserName": "23ba352f",
  "proxyUserPwd": "74024a8b",
  "isGlobalProxyInfo": true,
  "browserFingerPrint": {
    "coreVersion": "130"
  },
  "credentialsEnableService": true,
  "proxyAgreementType": "http",
  "syncTabs": true,
  "syncCookies": true,
  "abortImage": false,
  "abortMedia": false,
  "clearCacheFilesBeforeLaunch": true,
  "clearCookiesBeforeLaunch": true,
  "ipCheckService": "ip-api",
  "proxyAuthenticationHeader": {
    "Proxy-Authorization": "Basic MjNiYTM1MmY6NzQwMjRhOGI="
  }
}
2024-11-15 10:53:42,086 [INFO] bit_browser_manager.py:66 - API响应状态码: 200
2024-11-15 10:53:42,086 [INFO] bit_browser_manager.py:67 - API响应头: {'Access-Control-Allow-Origin': '*', 'Access-Control-Allow-Methods': '*', 'Access-Control-Allow-Headers': '*', 'Content-Type': 'application/json; charset=utf-8', 'Content-Length': '85', 'Date': 'Thu, 14 Nov 2024 21:53:42 GMT', 'Connection': 'keep-alive', 'Keep-Alive': 'timeout=5'}
2024-11-15 10:53:42,086 [INFO] bit_browser_manager.py:70 - API响应内容: {
  "success": false,
  "msg": "Available browser has been exceeded, please purchase online"
}
2024-11-15 10:53:42,086 [ERROR] bit_browser_manager.py:79 - 创建浏览器配置失败: Available browser has been exceeded, please purchase online
2024-11-15 10:53:42,086 [ERROR] advanced_analyzer.py:176 - 创建BitBrowser实例失败
2024-11-15 10:53:42,086 [ERROR] advanced_analyzer.py:259 - 无法为URL https://www.airbnb.co.nz/rooms/969823904189469776 初始化BitBrowser
2024-11-15 10:53:42,087 [INFO] advanced_analyzer.py:428 - === 程序执行完成 ===
